!!!!!!!!!!!!!!!  Starting ipykernel.Comm log      !!!!!!!!!!!!!!!!!!
Comm._publish_msg ------------------------------------
msg_type = comm_msg
metadata = {}
self.kernel._parent_header = {
    "buffers": [], 
    "content": {
        "comm_id": "4C40CFFCBA9F44D8BE1BED76409444AE", 
        "data": {}, 
        "target_name": "jupyter.widget.version"
    }, 
    "header": {
        "date": "2017-05-23T18:45:26.023728+00:00", 
        "msg_id": "7F0E72141708439F80971611E977A447", 
        "msg_type": "comm_open", 
        "session": "868E9A6EBD624DE48897E4E298B1A256", 
        "username": "username", 
        "version": "5.0"
    }, 
    "metadata": {}, 
    "msg_id": "7F0E72141708439F80971611E977A447", 
    "msg_type": "comm_open", 
    "parent_header": {}
}
ident = comm-4C40CFFCBA9F44D8BE1BED76409444AE
buffers = None
---------- content >>>>>>>
{
    "comm_id": "4C40CFFCBA9F44D8BE1BED76409444AE", 
    "data": {
        "version": "~1.2.0"
    }
}
  self.kernel.session -> <jupyter_client.session.Session object at 0x7fdc05007a10>
   real_msg -> {'parent_header': {u'username': u'username', u'version': u'5.0', u'msg_type': u'comm_open', u'msg_id': u'7F0E72141708439F80971611E977A447', u'session': u'868E9A6EBD624DE48897E4E298B1A256', 'date': datetime.datetime(2017, 5, 23, 18, 45, 26, 23728, tzinfo=tzutc())}, 'msg_type': 'comm_msg', 'msg_id': u'1aff97b8-688530ccf254575330f11138', 'content': {u'data': {u'version': u'~1.2.0'}, u'comm_id': u'4C40CFFCBA9F44D8BE1BED76409444AE'}, 'header': {'username': u'username', 'msg_type': 'comm_msg', 'msg_id': u'1aff97b8-688530ccf254575330f11138', 'version': '5.1', 'session': u'd1aaee77-92ac0fb6b4ebff6cc5288048', 'date': datetime.datetime(2017, 5, 23, 18, 45, 26, 25593, tzinfo=tzutc())}, 'tracker': <zmq.sugar.tracker.MessageTracker object at 0x7fdc001b2ed0>, 'metadata': {}}
Comm._publish_msg ------------------------------------
msg_type = comm_msg
metadata = {}
self.kernel._parent_header = {
    "buffers": [], 
    "content": {
        "comm_id": "12ADC37F5EEF4D338A31FCA9B5584B45", 
        "data": {}, 
        "target_name": "jupyter.widget.version"
    }, 
    "header": {
        "date": "2017-05-23T18:45:26.026954+00:00", 
        "msg_id": "DDA270694C1D489E8534964F65765BE5", 
        "msg_type": "comm_open", 
        "session": "868E9A6EBD624DE48897E4E298B1A256", 
        "username": "username", 
        "version": "5.0"
    }, 
    "metadata": {}, 
    "msg_id": "DDA270694C1D489E8534964F65765BE5", 
    "msg_type": "comm_open", 
    "parent_header": {}
}
ident = comm-12ADC37F5EEF4D338A31FCA9B5584B45
buffers = None
---------- content >>>>>>>
{
    "comm_id": "12ADC37F5EEF4D338A31FCA9B5584B45", 
    "data": {
        "version": "~1.2.0"
    }
}
  self.kernel.session -> <jupyter_client.session.Session object at 0x7fdc05007a10>
   real_msg -> {'parent_header': {u'username': u'username', u'version': u'5.0', u'msg_type': u'comm_open', u'msg_id': u'DDA270694C1D489E8534964F65765BE5', u'session': u'868E9A6EBD624DE48897E4E298B1A256', 'date': datetime.datetime(2017, 5, 23, 18, 45, 26, 26954, tzinfo=tzutc())}, 'msg_type': 'comm_msg', 'msg_id': u'06ea2129-38043f749c3b6b7c91b117dc', 'content': {u'data': {u'version': u'~1.2.0'}, u'comm_id': u'12ADC37F5EEF4D338A31FCA9B5584B45'}, 'header': {'username': u'username', 'msg_type': 'comm_msg', 'msg_id': u'06ea2129-38043f749c3b6b7c91b117dc', 'version': '5.1', 'session': u'd1aaee77-92ac0fb6b4ebff6cc5288048', 'date': datetime.datetime(2017, 5, 23, 18, 45, 26, 28638, tzinfo=tzutc())}, 'tracker': <zmq.sugar.tracker.MessageTracker object at 0x7fdc001b2ed0>, 'metadata': {}}
Comm.handle_msg ------------------------------------
{
    "buffers": [], 
    "content": {
        "comm_id": "4C40CFFCBA9F44D8BE1BED76409444AE", 
        "data": {
            "frontend_version": "2.1.4", 
            "validated": false
        }
    }, 
    "header": {
        "date": "2017-05-23T18:45:26.092765+00:00", 
        "msg_id": "72F1A06963EF421987D216010F71A049", 
        "msg_type": "comm_msg", 
        "session": "868E9A6EBD624DE48897E4E298B1A256", 
        "username": "username", 
        "version": "5.0"
    }, 
    "metadata": {}, 
    "msg_id": "72F1A06963EF421987D216010F71A049", 
    "msg_type": "comm_msg", 
    "parent_header": {}
}
Comm.handle_msg ------------------------------------
{
    "buffers": [], 
    "content": {
        "comm_id": "12ADC37F5EEF4D338A31FCA9B5584B45", 
        "data": {
            "frontend_version": "2.1.4", 
            "validated": false
        }
    }, 
    "header": {
        "date": "2017-05-23T18:45:26.099793+00:00", 
        "msg_id": "B68CBC6EC34D485C8562AC775C4D619D", 
        "msg_type": "comm_msg", 
        "session": "868E9A6EBD624DE48897E4E298B1A256", 
        "username": "username", 
        "version": "5.0"
    }, 
    "metadata": {}, 
    "msg_id": "B68CBC6EC34D485C8562AC775C4D619D", 
    "msg_type": "comm_msg", 
    "parent_header": {}
}
Comm._publish_msg ------------------------------------
msg_type = comm_open
metadata = {}
self.kernel._parent_header = {
    "buffers": [], 
    "content": {
        "allow_stdin": true, 
        "code": "IntSlider()", 
        "silent": false, 
        "stop_on_error": true, 
        "store_history": true, 
        "user_expressions": {}
    }, 
    "header": {
        "date": "2017-05-23T18:46:05.614457+00:00", 
        "msg_id": "718ED67C358A4EBC9DBDF4EF5D2BA6CF", 
        "msg_type": "execute_request", 
        "session": "868E9A6EBD624DE48897E4E298B1A256", 
        "username": "username", 
        "version": "5.0"
    }, 
    "metadata": {}, 
    "msg_id": "718ED67C358A4EBC9DBDF4EF5D2BA6CF", 
    "msg_type": "execute_request", 
    "parent_header": {}
}
ident = comm-68a7977e43d245bc8e633539b25a3c7d
buffers = None
---------- content >>>>>>>
{
    "comm_id": "68a7977e43d245bc8e633539b25a3c7d", 
    "data": {
        "_model_module": "jupyter-js-widgets", 
        "_model_name": "LayoutModel", 
        "_view_module": "jupyter-js-widgets", 
        "_view_name": "LayoutView", 
        "align_content": "", 
        "align_items": "", 
        "align_self": "", 
        "border": "", 
        "bottom": "", 
        "display": "", 
        "flex": "", 
        "flex_flow": "", 
        "height": "", 
        "justify_content": "", 
        "left": "", 
        "margin": "", 
        "max_height": "", 
        "max_width": "", 
        "min_height": "", 
        "min_width": "", 
        "msg_throttle": 3, 
        "overflow": "", 
        "overflow_x": "", 
        "overflow_y": "", 
        "padding": "", 
        "right": "", 
        "top": "", 
        "visibility": "", 
        "width": ""
    }, 
    "target_module": null, 
    "target_name": "jupyter.widget"
}
  self.kernel.session -> <jupyter_client.session.Session object at 0x7fdc05007a10>
   real_msg -> {'parent_header': {u'username': u'username', u'version': u'5.0', u'msg_type': u'execute_request', u'msg_id': u'718ED67C358A4EBC9DBDF4EF5D2BA6CF', u'session': u'868E9A6EBD624DE48897E4E298B1A256', 'date': datetime.datetime(2017, 5, 23, 18, 46, 5, 614457, tzinfo=tzutc())}, 'msg_type': 'comm_open', 'msg_id': u'36de1fc2-feb513c8e55148832458c1a9', 'content': {u'target_name': u'jupyter.widget', u'comm_id': u'68a7977e43d245bc8e633539b25a3c7d', u'data': {u'_view_name': u'LayoutView', u'right': u'', u'justify_content': u'', u'_view_module': u'jupyter-js-widgets', u'height': u'', u'flex_flow': u'', u'min_width': u'', u'_model_module': u'jupyter-js-widgets', u'align_items': u'', u'bottom': u'', u'border': u'', u'top': u'', u'width': u'', u'padding': u'', u'flex': u'', u'_model_name': u'LayoutModel', u'overflow_y': u'', u'overflow_x': u'', u'max_height': u'', u'min_height': u'', u'visibility': u'', u'overflow': u'', u'align_content': u'', u'msg_throttle': 3, u'max_width': u'', u'align_self': u'', u'margin': u'', u'display': u'', u'left': u''}, u'target_module': None}, 'header': {'username': u'username', 'msg_type': 'comm_open', 'msg_id': u'36de1fc2-feb513c8e55148832458c1a9', 'version': '5.1', 'session': u'd1aaee77-92ac0fb6b4ebff6cc5288048', 'date': datetime.datetime(2017, 5, 23, 18, 46, 5, 623564, tzinfo=tzutc())}, 'tracker': <zmq.sugar.tracker.MessageTracker object at 0x7fdc001b2ed0>, 'metadata': {}}
Comm._publish_msg ------------------------------------
msg_type = comm_open
metadata = {}
self.kernel._parent_header = {
    "buffers": [], 
    "content": {
        "allow_stdin": true, 
        "code": "IntSlider()", 
        "silent": false, 
        "stop_on_error": true, 
        "store_history": true, 
        "user_expressions": {}
    }, 
    "header": {
        "date": "2017-05-23T18:46:05.614457+00:00", 
        "msg_id": "718ED67C358A4EBC9DBDF4EF5D2BA6CF", 
        "msg_type": "execute_request", 
        "session": "868E9A6EBD624DE48897E4E298B1A256", 
        "username": "username", 
        "version": "5.0"
    }, 
    "metadata": {}, 
    "msg_id": "718ED67C358A4EBC9DBDF4EF5D2BA6CF", 
    "msg_type": "execute_request", 
    "parent_header": {}
}
ident = comm-8fe3518b77a54cfea9f91fec8b169b76
buffers = None
---------- content >>>>>>>
{
    "comm_id": "8fe3518b77a54cfea9f91fec8b169b76", 
    "data": {
        "_dom_classes": [], 
        "_model_module": "jupyter-js-widgets", 
        "_model_name": "IntSliderModel", 
        "_range": false, 
        "_view_module": "jupyter-js-widgets", 
        "_view_name": "IntSliderView", 
        "background_color": null, 
        "color": null, 
        "continuous_update": true, 
        "description": "", 
        "disabled": false, 
        "font_family": "", 
        "font_size": "", 
        "font_style": "", 
        "font_weight": "", 
        "layout": "IPY_MODEL_68a7977e43d245bc8e633539b25a3c7d", 
        "max": 100, 
        "min": 0, 
        "msg_throttle": 3, 
        "orientation": "horizontal", 
        "readout": true, 
        "readout_format": "d", 
        "slider_color": null, 
        "step": 1, 
        "value": 0, 
        "visible": true
    }, 
    "target_module": null, 
    "target_name": "jupyter.widget"
}
  self.kernel.session -> <jupyter_client.session.Session object at 0x7fdc05007a10>
   real_msg -> {'parent_header': {u'username': u'username', u'version': u'5.0', u'msg_type': u'execute_request', u'msg_id': u'718ED67C358A4EBC9DBDF4EF5D2BA6CF', u'session': u'868E9A6EBD624DE48897E4E298B1A256', 'date': datetime.datetime(2017, 5, 23, 18, 46, 5, 614457, tzinfo=tzutc())}, 'msg_type': 'comm_open', 'msg_id': u'abb0662e-c71da3fe6f169999e3abcdfb', 'content': {u'target_name': u'jupyter.widget', u'comm_id': u'8fe3518b77a54cfea9f91fec8b169b76', u'data': {u'_view_name': u'IntSliderView', u'orientation': u'horizontal', u'color': None, u'_view_module': u'jupyter-js-widgets', u'disabled': False, u'visible': True, u'readout_format': u'd', u'_model_module': u'jupyter-js-widgets', u'font_style': u'', u'layout': u'IPY_MODEL_68a7977e43d245bc8e633539b25a3c7d', u'min': 0, u'_range': False, u'background_color': None, u'slider_color': None, u'continuous_update': True, u'font_family': u'', u'_dom_classes': [], u'description': u'', u'_model_name': u'IntSliderModel', u'max': 100, u'readout': True, u'font_weight': u'', u'step': 1, u'font_size': u'', u'msg_throttle': 3, u'value': 0}, u'target_module': None}, 'header': {'username': u'username', 'msg_type': 'comm_open', 'msg_id': u'abb0662e-c71da3fe6f169999e3abcdfb', 'version': '5.1', 'session': u'd1aaee77-92ac0fb6b4ebff6cc5288048', 'date': datetime.datetime(2017, 5, 23, 18, 46, 5, 629287, tzinfo=tzutc())}, 'tracker': <zmq.sugar.tracker.MessageTracker object at 0x7fdc001b2ed0>, 'metadata': {}}
Comm._publish_msg ------------------------------------
msg_type = comm_msg
metadata = {}
self.kernel._parent_header = {
    "buffers": [], 
    "content": {
        "allow_stdin": true, 
        "code": "IntSlider()", 
        "silent": false, 
        "stop_on_error": true, 
        "store_history": true, 
        "user_expressions": {}
    }, 
    "header": {
        "date": "2017-05-23T18:46:05.614457+00:00", 
        "msg_id": "718ED67C358A4EBC9DBDF4EF5D2BA6CF", 
        "msg_type": "execute_request", 
        "session": "868E9A6EBD624DE48897E4E298B1A256", 
        "username": "username", 
        "version": "5.0"
    }, 
    "metadata": {}, 
    "msg_id": "718ED67C358A4EBC9DBDF4EF5D2BA6CF", 
    "msg_type": "execute_request", 
    "parent_header": {}
}
ident = comm-8fe3518b77a54cfea9f91fec8b169b76
buffers = None
---------- content >>>>>>>
{
    "comm_id": "8fe3518b77a54cfea9f91fec8b169b76", 
    "data": {
        "method": "display"
    }
}
  self.kernel.session -> <jupyter_client.session.Session object at 0x7fdc05007a10>
   real_msg -> {'parent_header': {u'username': u'username', u'version': u'5.0', u'msg_type': u'execute_request', u'msg_id': u'718ED67C358A4EBC9DBDF4EF5D2BA6CF', u'session': u'868E9A6EBD624DE48897E4E298B1A256', 'date': datetime.datetime(2017, 5, 23, 18, 46, 5, 614457, tzinfo=tzutc())}, 'msg_type': 'comm_msg', 'msg_id': u'883a3012-935b042bbdc5f611ab858269', 'content': {u'data': {u'method': u'display'}, u'comm_id': u'8fe3518b77a54cfea9f91fec8b169b76'}, 'header': {'username': u'username', 'msg_type': 'comm_msg', 'msg_id': u'883a3012-935b042bbdc5f611ab858269', 'version': '5.1', 'session': u'd1aaee77-92ac0fb6b4ebff6cc5288048', 'date': datetime.datetime(2017, 5, 23, 18, 46, 5, 632765, tzinfo=tzutc())}, 'tracker': <zmq.sugar.tracker.MessageTracker object at 0x7fdc001b2ed0>, 'metadata': {}}
